0 info it worked if it ends with ok
1 verbose cli [ '/usr/local/bin/node', '/usr/local/bin/npm', 'start' ]
2 info using npm@3.10.5
3 info using node@v6.2.1
4 verbose run-script [ 'prestart', 'start', 'poststart' ]
5 info lifecycle bookseller@0.0.1~prestart: bookseller@0.0.1
6 silly lifecycle bookseller@0.0.1~prestart: no script for prestart, continuing
7 info lifecycle bookseller@0.0.1~start: bookseller@0.0.1
8 verbose lifecycle bookseller@0.0.1~start: unsafe-perm in lifecycle true
9 verbose lifecycle bookseller@0.0.1~start: PATH: /usr/local/lib/node_modules/npm/bin/node-gyp-bin:/Users/etouch/Documents/JAVASCRPTT/Book/bookrating/node_modules/.bin:/usr/local/bin:/usr/bin:/bin:/usr/sbin:/sbin:/usr/local/bin:/Library/Java/JavaVirtualMachines/jdk1.7.0_51.jdk/Contents/Home:/Users/etouch/Documents/cq5/crx-quickstart/opt/filevault/vault-cli-2.4.34/bin:/Users/etouch/Documents/apache_maven/apache-maven-3.0.5/bin:/Users/etouch/Documents/software/mongodb-osx-x86_64-3.2.6/bin::/Users/etouch/.rvm/bin
10 verbose lifecycle bookseller@0.0.1~start: CWD: /Users/etouch/Documents/JAVASCRPTT/Book/bookrating
11 silly lifecycle bookseller@0.0.1~start: Args: [ '-c', 'node app.js' ]
12 silly lifecycle bookseller@0.0.1~start: Returned: code: 1  signal: null
13 info lifecycle bookseller@0.0.1~start: Failed to exec start script
14 verbose stack Error: bookseller@0.0.1 start: `node app.js`
14 verbose stack Exit status 1
14 verbose stack     at EventEmitter.<anonymous> (/usr/local/lib/node_modules/npm/lib/utils/lifecycle.js:242:16)
14 verbose stack     at emitTwo (events.js:106:13)
14 verbose stack     at EventEmitter.emit (events.js:191:7)
14 verbose stack     at ChildProcess.<anonymous> (/usr/local/lib/node_modules/npm/lib/utils/spawn.js:40:14)
14 verbose stack     at emitTwo (events.js:106:13)
14 verbose stack     at ChildProcess.emit (events.js:191:7)
14 verbose stack     at maybeClose (internal/child_process.js:852:16)
14 verbose stack     at Process.ChildProcess._handle.onexit (internal/child_process.js:215:5)
15 verbose pkgid bookseller@0.0.1
16 verbose cwd /Users/etouch/Documents/JAVASCRPTT/Book/bookrating
17 error Darwin 13.4.0
18 error argv "/usr/local/bin/node" "/usr/local/bin/npm" "start"
19 error node v6.2.1
20 error npm  v3.10.5
21 error code ELIFECYCLE
22 error bookseller@0.0.1 start: `node app.js`
22 error Exit status 1
23 error Failed at the bookseller@0.0.1 start script 'node app.js'.
23 error Make sure you have the latest version of node.js and npm installed.
23 error If you do, this is most likely a problem with the bookseller package,
23 error not with npm itself.
23 error Tell the author that this fails on your system:
23 error     node app.js
23 error You can get information on how to open an issue for this project with:
23 error     npm bugs bookseller
23 error Or if that isn't available, you can get their info via:
23 error     npm owner ls bookseller
23 error There is likely additional logging output above.
24 verbose exit [ 1, true ]
